\BOOKMARK [1][-]{section.1}{Pre-Laboratorio}{}% 1
\BOOKMARK [1][-]{section.2}{Definici\363n}{}% 2
\BOOKMARK [1][-]{section.3}{Actividad}{}% 3
\BOOKMARK [1][-]{section.4}{Pre-Laboratorio}{}% 4
\BOOKMARK [1][-]{section.5}{Definici\363n}{}% 5
\BOOKMARK [1][-]{section.6}{Actividad}{}% 6
\BOOKMARK [1][-]{section.7}{Pre-Laboratorio}{}% 7
\BOOKMARK [1][-]{section.8}{Introducci\363n}{}% 8
\BOOKMARK [1][-]{section.9}{Actividad}{}% 9
\BOOKMARK [1][-]{section.10}{Pre-Laboratorio}{}% 10
\BOOKMARK [1][-]{section.11}{Introducci\363n}{}% 11
\BOOKMARK [1][-]{section.12}{Actividad}{}% 12
\BOOKMARK [1][-]{section.13}{Pre-Laboratorio}{}% 13
\BOOKMARK [1][-]{section.14}{Introducci\363n}{}% 14
\BOOKMARK [1][-]{section.15}{Actividad}{}% 15
\BOOKMARK [1][-]{section.16}{Pre-Laboratorio}{}% 16
\BOOKMARK [1][-]{section.17}{Introducci\363n}{}% 17
\BOOKMARK [1][-]{section.18}{Simulaciones F\355sicas}{}% 18
\BOOKMARK [1][-]{section.19}{Sistemas de Part\355culas}{}% 19
\BOOKMARK [1][-]{section.20}{F\355sicas Ragdoll}{}% 20
\BOOKMARK [1][-]{section.21}{Proyectiles}{}% 21
\BOOKMARK [1][-]{section.22}{Actividad}{}% 22
\BOOKMARK [1][-]{section.23}{Pre-Laboratorio}{}% 23
\BOOKMARK [1][-]{section.24}{Definici\363n}{}% 24
\BOOKMARK [1][-]{section.25}{Intersecciones Objeto / Objeto}{}% 25
\BOOKMARK [1][-]{section.26}{Actividad}{}% 26
\BOOKMARK [1][-]{section.27}{Pre-Laboratorio}{}% 27
\BOOKMARK [1][-]{section.28}{Introducci\363n}{}% 28
\BOOKMARK [1][-]{section.29}{Actividad}{}% 29
\BOOKMARK [1][-]{section.30}{Pre-Laboratorio}{}% 30
\BOOKMARK [1][-]{section.31}{Definici\363n}{}% 31
\BOOKMARK [1][-]{section.32}{Actividad}{}% 32
\BOOKMARK [1][-]{section.33}{Pre-Laboratorio}{}% 33
\BOOKMARK [1][-]{section.34}{Definici\363n}{}% 34
\BOOKMARK [1][-]{section.35}{Actividad}{}% 35
\BOOKMARK [1][-]{section.36}{Pre-Laboratorio}{}% 36
\BOOKMARK [1][-]{section.37}{Definici\363n}{}% 37
\BOOKMARK [1][-]{section.38}{Actividad}{}% 38
\BOOKMARK [1][-]{section.39}{Pre-Laboratorio}{}% 39
\BOOKMARK [1][-]{section.40}{Definici\363n}{}% 40
\BOOKMARK [1][-]{section.41}{Actividad}{}% 41
\BOOKMARK [1][-]{section*.30}{Referencias}{}% 42
